-----BEGIN STRICT TYPE LIB-----
Id: urn:ubideco:stl:DxmVFuGffDNS1w5tBAhWS798qXBCqDtpmVPQanLbmBRX
Name: Bitcoin
Dependencies: 
  urn:ubideco:stl:9KALDYR8Nyjq4FdMW6kYoL7vdkWnqPqNuFnmE9qHpNjZ

B0JpdGNvaW4Be4SAPJ764hElp3wsObxw0v3o+UOuDf2c9OaC7cdmynADU3RkAQNT
dGQBAGGGItF7rvBmAt/ndcmA4LNrbrroCQ2AdfdRO+xLk/ZNBEJvb2wtAAlCaXAz
NDBTaWcGAgNzaWcABwAAQEAADHNpZ2hhc2hfdHlwZQAEAgAEbm9uZQAAAAEEc29t
ZQAFAQHbF2Q+dwkTJ+gEmSSB1dxgFSMIlVM55Yszn9RMT3JIKglCbG9ja0hhc2gF
AQAHAABAIAALQmxvY2tIZWFkZXIGBgd2ZXJzaW9uAABEDXByZXZCbG9ja0hhc2gB
136XKN8Qx+HJT3+gvLwHRRJSZMs+SsX4k0LE/8jKtLcKbWVya2xlUm9vdAAHAABA
IAAEdGltZQAABARiaXRzAAAEBW5vbmNlAAAEB0J5dGVTdHIFAQAIAABAAAAAAAAA
AAD/////AAAAAAVDaGFpbgMEB2JpdGNvaW4AB3JlZ3Rlc3SACHRlc3RuZXQzgwZz
aWduZXSEDENvbnRyb2xCbG9jawYEC2xlYWZWZXJzaW9uAbYzCakYv7aSDW7IWKQk
hyNGWmk/ckMHv/8d1zpzgU7JD291dHB1dEtleVBhcml0eQGPyiYjolVEI5WPpnqn
bUNqFd5k6xCz9PmZFCIvlRFmiAppbnRlcm5hbFBrAb18s/79ARrjodNVM67jWNIp
DIaIvrGSH/1AHJAU2n5UDG1lcmtsZUJyYW5jaAHuAx5mUVBotnQZXFF39AqDxABS
W8GkMBQYAGlPvfBzpA1GdXR1cmVMZWFmVmVyBQEAAAEKSW50ZXJuYWxQawUBAb/K
FrvCPoxAevOKTOsWOLsldYdSgSH50t1qtCASSyXWCkxlYWZTY3JpcHQGAgd2ZXJz
aW9uAbYzCakYv7aSDW7IWKQkhyNGWmk/ckMHv/8d1zpzgU7JBnNjcmlwdAElq/W5
EhQXuqM51F97FXWncUvhenUYXdAxNXrUyS3phgdMZWFmVmVyBQEAAAEJTGVnYWN5
U2lnBgIDc2lnAAgAAEAAAAAAAAAAAP8AAAAAAAAADHNpZ2hhc2hfdHlwZQHbF2Q+
dwkTJ+gEmSSB1dxgFSMIlVM55Yszn9RMT3JIKghMb2NrVGltZQUBAAAEBk9wQ29k
ZQMSCnB1c2hCeXRlczAAC3B1c2hCeXRlczMyIAlwdXNoRGF0YTFMCXB1c2hEYXRh
Mk0JcHVzaERhdGE0TghyZXNlcnZlZFAIcHVzaE51bTFRBnJldHVybmoDZHVwdgVl
cXVhbIcLZXF1YWxWZXJpZnmICXJpcGVtZDE2MKYEc2hhMacGc2hhMjU2qAdoYXNo
MTYwqQdoYXNoMjU2qghjaGVja1NpZ6wOY2hlY2tTaWdWZXJpZnmtCE91dHBvaW50
BgIEdHhpZAGjgkLzy9fR0KES2o3hYC9W1PhvDsTEdsXAaFlMSwRlVgR2b3V0ASHj
PkPFqlzyKSdTozjBZ+07Y5xN2c69qY80aRe6yUN1CE91dHB1dFBrBQEBv8oWu8I+
jEB684pM6xY4uyV1h1KBIfnS3Wq0IBJLJdYGUGFyaXR5AwIEZXZlbgADb2RkAQxS
ZWRlZW1TY3JpcHQFAQElq/W5EhQXuqM51F97FXWncUvhenUYXdAxNXrUyS3phgRT
YXRzBQEAAAgLU2NyaXB0Qnl0ZXMFAQAIAABAAAAAAAAAAAD/////AAAAAAxTY3Jp
cHRQdWJrZXkFAQElq/W5EhQXuqM51F97FXWncUvhenUYXdAxNXrUyS3phgVTZXFO
bwUBAAAECVNpZ1NjcmlwdAUBASWr9bkSFBe6oznUX3sVdadxS+F6dRhd0DE1etTJ
LemGC1NpZ2hhc2hGbGFnAwMDYWxsAQRub25lAgZzaW5nbGUDC1NpZ2hhc2hUeXBl
BgIEZmxhZwH/Pmp/yMeFQ078jud0swCxm+yYcaKaHvEAi+8Q6yjVNAxhbnlvbmVD
YW5QYXkCe4SAPJ764hElp3wsObxw0v3o+UOuDf2c9OaC7cdmynBhhiLRe67wZgLf
53XJgOCza2666AkNgHX3UTvsS5P2TQ1UYXBCcmFuY2hIYXNoBQEABwAAQCAAB1Rh
cENvZGUDBgtwdXNoQnl0ZXMzMiAJcHVzaERhdGExTAlwdXNoRGF0YTJNCXB1c2hE
YXRhNE4IcmVzZXJ2ZWRQBnJldHVybmoLVGFwTGVhZkhhc2gFAQAHAABAIAANVGFw
TWVya2xlUGF0aAUBAAgBr+vFndj9UEcdmF3CQSguq6mMSIryZGPBdn5RBiLCktgA
AAAAAAAAAIAAAAAAAAAAC1RhcE5vZGVIYXNoBQEABwAAQCAACVRhcFNjcmlwdAUB
ASWr9bkSFBe6oznUX3sVdadxS+F6dRhd0DE1etTJLemGCVRhcHJvb3RQawUBAAcA
AEAgAAJUeAYEB3ZlcnNpb24BqHzGeWRn5VfXROXJYjrgDMuV2RoNLwPfdMB1Ek++
x54GaW5wdXRzAAgBGUctF9hiB6cPITGpWKFopW4q1lM/nGZMGXfaXPn+YoYAAAAA
AAAAAP////8AAAAAB291dHB1dHMACAGQO2RweYSPGyZTKuTOxqaJRKBTWLjwgcsm
s7v4LZ478wAAAAAAAAAA/////wAAAAAIbG9ja1RpbWUBNdodFTkgbrvd3KTDPYcx
6vKbp9p03z3IgiAcTha1uRwEVHhJbgYECnByZXZPdXRwdXQB6GpAzVwl+b3ihP9p
pREyp0ErIVW9DlYSwb/jhJVgxQYJc2lnU2NyaXB0ATh1BLFLfA5GbUeeF0d9JHQk
f/gDZOw9S6r3OiD3QXRrCHNlcXVlbmNlAQEZbYUpyPbaRE0VTo2cjL2eD42JAlo7
sJEhxj1SsB6HB3dpdG5lc3MBc3dDcDaTIEnNKJUIqnF844KdskUuVehO1PwuPM0u
AJ0FVHhPdXQGAgV2YWx1ZQGX9dcGQq4qM5IlO6hOHc7Ek+O/PtNxsYdzhjVOzIiC
awxzY3JpcHRQdWJrZXkBvvwe/GalGf1kUmo6E4dA5/EQLQu+/zrBRk7z90B2dFwF
VHhWZXIFAQAARARUeGlkBQEABwAAQCAABlZCeXRlcwUBAAAEBlZhckludAUBAAAI
BFZvdXQFAQAABAtXZWlnaHRVbml0cwUBAAAEB1dpdG5lc3MFAQAIAAgAAEAAAAAA
AAAAAP////8AAAAAAAAAAAAAAAD/////AAAAAA5XaXRuZXNzUHJvZ3JhbQYCB3Zl
cnNpb24B0ezadmfkQu1NEmmmZwM25f70N69ezitprroMRlbE+q0HcHJvZ3JhbQAI
AABAAgAAAAAAAAAoAAAAAAAAAA1XaXRuZXNzU2NyaXB0BQEBJav1uRIUF7qjOdRf
exV1p3FL4Xp1GF3QMTV61Mkt6YYKV2l0bmVzc1ZlcgMRAnYwAAJ2MVECdjJSAnYz
UwJ2NFQCdjVVAnY2VgJ2N1cCdjhYAnY5WQN2MTBaA3YxMVsDdjEyXAN2MTNdA3Yx
NF4DdjE1XwN2MTZgBVd0eGlkBQEABwAAQCAA

-----END STRICT TYPE LIB-----

