-----BEGIN STRICT TYPE LIB-----
Id: stl:shT3puxD-pguyIQF-lMwkHEo-oASAiSm-s6zQH6s-AqbOAOg#bruno-belgium-shelf
Name: BPCore
Dependencies:
	CommitVerify#escort-between-doctor,
	Std#ralph-blue-lucky,
	Bitcoin#signal-color-cipher
Check-SHA256: 4889f3675fb9524d82f6d5403fea24db99dbac7cfbeac5e7faee85d5393fd814

20~CnZ*pY=w_I?;0yBOH^mF6?Djz6lx~sMot1;YamDqZyx)9*`3`1{iZE18?WpZg|dCDvvZ-bfLFbqC#
o>4E?M+l67UG^w8*<_XZ#%uyqCj(P-Wc6$lVk7oBr%DNv+($;q`HHK!gIHa)*%m(-e#9sm3I{@IbYpL6
ZUYBGX>?<6X>JJsA>%$n#j0HLDJN5-IKgM_J7b(p+0MPGk2Gl)y2(Rz1Xgc#bS10xxe^o?x}!PNUwajG
r*TW+dUY6G&@nZ7)X6RBh6__;a%pgMLV0v$b1}QF=!A)P#jpo4axu-4_As_7EzOC4+`8Vyy2R;!*$Y%*
a87SzWk_LjXkV<^ZRI~s#T41Gjc0(`3ajfaCJX&HEu+ACq+L0mO$tn9VP;cfa%pgMqk=;7%h%D+p%U7S
;b1RT)c9`>#Kd;Rz-U=aO9W+B1XOrwWT}OOcT=8d`>?<6$C@F;S3|*6`1-v+nBdcqJ?FPKcnV2wbY*gG
VQf%qwlfK-7{9iX4Q|L-q$GzUMp|h<azh8d{~gylbAe9D2TWyQW>#f#=xRXCTqXIv;)MTcr4cfxK`S9u
y$)6q!N22#m0-mN2v2o%aBpdDbo`>HD!!5a&4Q@0n2=*4!cKOosx|T?(Q^f3pcpQQSqE58Zfto_YYang
ZEb0ER%LQ&W_bw!17eyujlDm-l!bcJ4l3enMo5^RQ~n#iGkyWd8~8$g22EvjXm4aLDsvRr2gft{Sr^|c
6mQ&%Z&uBrV^&@~cF6Sz<P&}iO=WUxY-K`hZ)0mPm44<OVKiC01qkHfuRUrZzt;Qv9WjEZdF4fP;8w8;
P;zf{Z)0z4Nn|xQsZkZk>V@1=_p5>Oab-~jCR3C`SFec^=zG+gvC{`lWpi_3XJt5^Lxv|61vo|<S$`kJ
6oIZx{|tq&1{dNqe!iO(;xh_OWpZn5Wk_LjXiAZsp+z#eDth|e9<pix0Z%tbcQv3gqtC|PsRy3YlM78{
a%*g5P;zf?W^>c_Jr^I{59gDgg^Q~>5XMaf24xdt)Bj2hqB2&USqe>Ma%*g5RB~lyllNeFa6}P}rq7L!
(40)FbL%msz%JU8hqvFyoea2o4pL=vWpZ|9WI}m#WpgpuwYiq_Rlwao{(T?aUNqayF^88E^#IUpx^^~;
)zDW6RB~lyPH$vo15<Ql0RU!LaM+Gq(Fu_0Ocz)^+@GUUoV7w&pu=F9->y0X3z7m=H4^|EL2hGcZ*om#
a%*g5LTqniYfo@;Wpq$-Z*OJ>0tjtzV^DH$Z)O6wTyVnzGkys4bL0OiA1G+LtF{%ZG2CjE*m|hC5a9VP
DsvRr2gft{Sr^|c6mQ&%Z&uBrV^&@~cF6Sz<P&}fWMX4ba&K>D0Y^^HT+rxDK6vW;JU&?LxLM72H?wDC
1Zo}=N}D)4mmEQEV`y)3O=WUxY-K`hZ)0mzVQ_L~bWn0{Z)OGp2yJj<P;zf?W&*cdaKi#KehBn)<Nqoj
C}_H?wiT-}+-jBBdZ@Y(;Q1~pa}?MI$20j^7vC!sZ`_M-R?VSfR$e@I$n^;16MhI}Vq;KpZ*OJ+54Ine
KN{_;j(f`H9IfkFzO$PG<c0G$nQ(}f*%Js18$oVkXm4^&WpZn5Wl(Z&Z)Q($a%FT-a&K>D1_B6eaAQz%
Z*OJ-w_I?;0yBOH^mF6?Djz6lx~sMot1;YamDqZyx)9*`N|BtQMKZZ6divcSvT6VUPd7++HJ~!1&&J-V
2cFWC2xMYoP;zf?W&uY|&s@;xOg?z(`#e5a?6_IYcQ><VWCUs+6H1#nJC__mZewU~a!qA&Yiwmua&K>D
RAF#(Wpq$-Z*OJ>0tjtzV^DH$Z)O6wTyVnzGkys4bL0OiA1G+LtF{%ZG2CjE*m|hC5a9Vrk({ALGPx>x
`rRI~Y5)OGH%NCipfaP+#@?w1p3;*DWMX4ba&K>D0S~qxm_HirtB!lh<{Yi-S-!KI0_27BH<@sVme~^s
3>rahV`y)3O=WUxY-Ln(Wo1ura%FT-a&K>D1_B6eaAQz%Z*OJ-w_I?;0yBOH^mF6?Djz6lx~sMot1;Ya
mDqZyx)9*`bJO-c7a!dZ=aZj>i>o;h#!UqVWfNo5|4I#_GFF{g2xMYoP;zf?W&uY|&s@;xOg?z(`#e5a
?6_IYcQ><VWCUs+6H1#nJC_?lZewU~a!qA&Yiwmya%E*yVQ_L~bWn0{Z)OGp2yJj<P;zf?W&*cdaKi#K
ehBn)<NqojC}_H?wiT-}+-jBBdZ@Y(;Q4dY_B|IL-4ExJpM{I7IS|H81qNjkW7Gdi4WcquommKEVq;Kp
Z*OJ+54IneKN{_;j(f`H9IfkFzO$PG<c0G$nQ(}f*%Js15J7HZXm4^)aB^jIP;zf?W(EZaZEa#ua&K>D
0rWKEm6$7C;Vyzlv_O9`13r&!S?Kiut+?SHSGC9>3=3^=V^DH$bZ=vCYy!7jaKi#KehBn)<NqojC}_H?
wiT-}+-jBBdZ@Y(;Q26>e&!uvG+Da^2;||fJ!&Dp*8BS%F@mRg<wbPhR<Q_eaAQz%Z*OJ-w_I?;0yBOH
^mF6?Djz6lx~sMot1;YamDqZyx)9*`N|BtQMKZZ6divcSvT6VUPd7++HJ~!1&&J-V2cFWC2xMYoP;zf?
W&uY|&s@;xOg?z(`#e5a?6_IYcQ><VWCUs+6H1#nJC_Y+VQg$-VPk7ha&K>D0=Han!vZsY2=sH~|0*9S
Xu7Mm6{|7aYL(b}sJal~`IGlxcyL4!ji%3ykI<Y<s&nfxrNA!QlZUt8$DItgdJ#cxV`y)3RAF#(Wpq$-
Z*OJ>1qf|zVo-8#Z)O4XG~<<+D_!9(f=9GKe=!3-k8N4#^#HB7;T~7D$RG?0ZE#~ya&L5RV{dE%w_I?;
0yBOH^mF6?Djz6lx~sMot1;YamDqZyx)9*`FqMAh9bq(Cy9Eg3;jcYvA-~r9`yDZYr+MW?bl_I82yJj<
P;zf?W&*cdaKi#KehBn)<NqojC}_H?wiT-}+-jBBdZ@Y(;Q30CoS{WBxhi`4-5#=P00B=oNOv`$GNaGN
-l+$k(vt{eVq;KpZ*OJ+54IneKN{_;j(f`H9IfkFzO$PG<c0G$nQ(}f*%Js14Q63%Y+_+!Yfy4;Z)O6w
TyVnzGkys4bL0OiA1G+LtF{%ZG2CjE*m|hC5a9Wf_h5K%L=laq&yA1JoJ^{7>oKLkF4~iax8KK|47hp=
LUnFrY-Lb#Z*OJ>0RwGeZ~zJb00aOB002NB00000000000RI300000000mBOX>(--0RRU806;_l3Qury
Wpq$-Z*OJ=0RR913R7ica%FT=WnpXu0RRU806-uB5maGta%FT*Z)9aqVRCeCWpV@q00?YlW^_((WMu#a
0Rr`G6JjIwIj2eqliWu}$@z+_xPw?-wb>Rw7=FYk8VWJHuIPk`cg3&=F>*1@lJ+pRDJ{*3f84s>#k$1l
f7t;Ea%pF1bWCMoW&i~N0`+VYVk7oBr%DNv+($;q`HHK!gIHa)*%m(-e#9sm3SX?*ZRI~s#T41Gjc0(`
3ajfaCJX&HEu+ACq+L0mO#%yYX=iA3LULhlV`u;c0RcEaVlHu0(#Ro^Jj-_-pFL#XcJe4ySuOZRLzEUx
Z3PchVQ_L~bWmY*Xi#!*Z)OGp3vgj_bZ%vGPH$vo00aU61a5C`WdHyG0R(ezZDjxj0RaJg2VDR_OBR)w
8yCZ2EylR&t_^>1Sz?kFbz0>alMw}OZ*F5{0003CRAF#(Wpq$-Z*OJ>0ts+obZAg=Z*OJ+6U0+eW+%Hu
C5$^~^vuG3{`}-8x6fV={eh1!etXz_3TbY1WpZv|Y*1?g^=uPjBlbC`N(qzPM@Gr{imSMTSY5T*7C#t%
#3&jHsfC1hQ=Vx1u)prdnjyqjL%~$|`n^Ax;M0*k=eIX_5maGta%FT<X=iA3LULhlV`v5f3~Xg)bWU$%
Wk_LjXae<Y6JjIwIj2eqliWu}$@z+_xPw?-wb>Rw7=FYk8VWJHuIPk`cg3&=F>*1@lJ+pRDJ{*3f84s>
#k$1lf7uOkX=iA3PH$voNMUnm0`+VYVk7oBr%DNv+($;q`HHK!gIHa)*%m(-e#9sm3NgE`=!A)P#jpo4
axu-4_As_7EzOC4+`8Vyy2R;!*$Py6Z&PJqY(;o<1OfmBZf|LGWdH>M0q^-VhdM_j&Xz2y10MAh|FpnP
u}M=HJieTRp&m;}YXJymVQg$-VPk6m1pxx}Y!hN5_Bp3Y36tDMM#=e#tGI($UA5U3KNx<*C>jdrYCz3g
CHcMLg#T%!5i+MiD<M_A4ptJuzvG0JV8sRzRCsSwWnpYjaB^jIP;zf?W(EQWaB^vFVRCr_^=uPjBlbC`
N(qzPM@Gr{imSMTSY5T*7C#t%#3&jH=xRXCTqXIv;)MTcr4cfxK`S9uy$)6q!N22#m0-mN33Fv*Z*F8^
a(MwaY(lKz^xM%SBc$3mSB&lhii9IFv4<|w$S&lMqBsl^RCsSwWnpYoVQ_L~bWn0{Z)OGp2XJy}ZDDeG
0`+VYVk7oBr%DNv+($;q`HHK!gIHa)*%m(-e#9sm3g~J;&0Hn<z2b!bX{8Y|r$H+rRlN>Y62ZUYgq2{$
1_^UzV{dL`VRCr^H*7+z;q=?lBqOBSI9H7B1B!$rGO>p)(#S64kD@pX

-----END STRICT TYPE LIB-----

