-----BEGIN STRICT TYPE LIB-----
Id: stl:MxS0NGcI-vk6iRH2-uRW9QmO-CGOG9GX-qerCU77-iIHab5M#miranda-melon-mother
Name: BPSeals
Dependencies: Bitcoin#quiz-patent-exit
Check-SHA256: 5e23207e09e57866f99b291c8989a84bf49ab33a1c718c5fa0fa6499c0026f20

2SQL&WnpY{0l`PaW+jcb^C>NgzlT_m3wFmfDB@ZlUF_{Gi(YuS4F^JLbYpL6ZUF~EX>?<6X>I}lA>%$n
#j0HLDJN5-IKgM_J7b(p+0MPGk2Gl)y2(Rz1Xgc#bfbbo^UK%K(4i9Ajp1M~R@C@!4#dQE#lUD;OiKi1
Rs>XdX=DZf4nk~cZe&wsVQf@*P;_zz0|az<X=DMh<v2MM3OK&-ZyL|O9AKqy;o<ascnBzYztQ^B5Fy<J
c5iib0>MYbW+jcb^C>NgzlT_m3wFmfDB@ZlUF_{Gi(YuS4I$$`L&d6G@+l`%qd385?K@+fP1(-9sgE>i
7rMzqbqHc?X>Md`Zf5`h2n|APX>MdwWnpYocxhw?0|az<X=DPyN5p0&jkfbCEsDQ~Sda^L$2BP8S|45P
?JbL5c)1Ouf<p7l*U`|S655U7U@unG_-_ux#CFBNXjx241Z7qPc5iib0>MYbW+jcb^C>NgzlT_m3wFmf
DB@ZlUF_{Gi(YuS4I$$`L&d6G@+l`%qd385?K@+fP1(-9sgE>i7rMzqbqHc?X>Md`Zf5`h2oXhiaBOK~
X>?O%VQf@*P;_zz0t9q;X=DMh<v2MM3OK&-ZyL|O9AKqy;o<ascnBzYztQ^B5Fy<Jc5iib0>MYbW+jcb
^C>NgzlT_m3wFmfDB@ZlUF_{Gi(YuS4I$$`L&d6G@+l`%qd385?K@+fP1(-9sgE>i7rMzqbr3~(aBOK~
X>?O%VQf@*X=DZh1ax?5WCFoQ#AYRpw(}`1iob_gkPCLlH7Md*A6@M2EsI`wxecR&Li5Yl(a@n1+Ku60
FILp}Zw|!7cE!MGSxid=WmW`sZ*_D6!AHbqC5^W8DJ_b>hggsccE>d+;#wbF?CmX!UU<0;A>%$n#j0HL
DJN5-IKgM_J7b(p+0MPGk2Gl)y2(Rz3R7ica%FT=WnpXu0RRU806-uB1yp!YbaDg&010<#bZ%vHb5wW$
00035ba-iG00jX8!AHbqC5^W8DJ_b>hggsccE>d+;#wbF?CmX!UU<0;qk=;7%h%D+p%U7S;b1RT)c9`>
#Kd;Rz-U=aO9W+B

-----END STRICT TYPE LIB-----

