-----BEGIN STRICT TYPE LIB-----
Id: urn:ubideco:stl:5PUqZnqASPU3zKASh2pTHYmfcV4pZfvt4UU8FxPsRt6S
Name: Tx
Dependencies: ~

AlR4AAAOAAhMb2NrVGltZQUBAAAECE91dHBvaW50BgIEdHhpZAGjgkLzy9fR0KES
2o3hYC9W1PhvDsTEdsXAaFlMSwRlVgR2b3V0ASHjPkPFqlzyKSdTozjBZ+07Y5xN
2c69qY80aRe6yUN1BFNhdHMFAQAACAtTY3JpcHRCeXRlcwUBAAgAAEAAAAAAAAAA
AP////8AAAAADFNjcmlwdFB1YmtleQUBASWr9bkSFBe6oznUX3sVdadxS+F6dRhd
0DE1etTJLemGBVNlcU5vBQEAAAQJU2lnU2NyaXB0BQEBJav1uRIUF7qjOdRfexV1
p3FL4Xp1GF3QMTV61Mkt6YYCVHgGBAd2ZXJzaW9uAah8xnlkZ+VX10TlyWI64AzL
ldkaDS8D33TAdRJPvseeBmlucHV0cwAIARlHLRfYYgenDyExqVihaKVuKtZTP5xm
TBl32lz5/mKGAAAAAAAAAAD/////AAAAAAdvdXRwdXRzAAgBkDtkcHmEjxsmUyrk
zsamiUSgU1i48IHLJrO7+C2eO/MAAAAAAAAAAP////8AAAAACGxvY2tUaW1lATXa
HRU5IG673dykwz2HMerym6fadN89yIIgHE4WtbkcBFR4SW4GBApwcmV2T3V0cHV0
AehqQM1cJfm94oT/aaURMqdBKyFVvQ5WEsG/44SVYMUGCXNpZ1NjcmlwdAE4dQSx
S3wORm1HnhdHfSR0JH/4A2TsPUuq9zog90F0awhzZXF1ZW5jZQEBGW2FKcj22kRN
FU6NnIy9ng+NiQJaO7CRIcY9UrAehwd3aXRuZXNzAXN3Q3A2kyBJzSiVCKpxfOOC
nbJFLlXoTtT8LjzNLgCdBVR4T3V0BgIFdmFsdWUBl/XXBkKuKjOSJTuoTh3OxJPj
vz7TcbGHc4Y1TsyIgmsMc2NyaXB0UHVia2V5Ab78HvxmpRn9ZFJqOhOHQOfxEC0L
vv86wUZO8/dAdnRcBVR4VmVyBQEAAEQEVHhpZAUBAAcAAEAgAARWb3V0BQEAAAQH
V2l0bmVzcwUBAAgACAAAQAAAAAAAAAAA/////wAAAAAAAAAAAAAAAP////8AAAAA


-----END STRICT TYPE LIB-----

